<?xml version="1.0" encoding="UTF-8"?>
<testsuite name="Manga_Search_and_Display.Details_Model_Runner" tests="1" skipped="0" failures="0" errors="0" timestamp="2024-08-24T20:57:43" hostname="PURNO" time="9.5">
  <properties/>
  <testcase name="MangaSearch" classname="Manga_Search_and_Display.Details_Model_Runner" time="9.5"/>
  <system-out><![CDATA[Search Manga
popup is displayed
Attack on Titan
Humanity fights for survival against giant humanoid Titans that have brought civilization to the brink of extinction.
]]></system-out>
  <system-err><![CDATA[]]></system-err>
</testsuite>
